<?xml version="1.0" encoding="UTF-8"?>
<!-- Generated by org.testng.reporters.JUnitReportReporter -->
<testsuite hostname="LAPTOP-KNS8BRF4" failures="0" tests="1" name="day_031_Scenario_Background_Variables_DataTables.openchart.orangeHRM.runner.Runner" time="7.172" errors="0" timestamp="2024-05-18T22:29:57 CEST" skipped="0">
  <testcase classname="day_031_Scenario_Background_Variables_DataTables.openchart.orangeHRM.runner.Runner" name="runScenario" time="7.172"/>
</testsuite> <!-- day_031_Scenario_Background_Variables_DataTables.openchart.orangeHRM.runner.Runner -->
